<?xml version="1.0" encoding="UTF-8"?>
<!-- Generated by org.testng.reporters.JUnitReportReporter -->
<testsuite hostname="DESKTOP-7FB3P12" failures="0" tests="1" name="Package2.P4Test" time="63.707" errors="0" timestamp="2023-06-02T16:27:26 IST" skipped="0">
  <testcase classname="Package2.P4Test" name="m4" time="63.707"/>
  <system-out/>
</testsuite> <!-- Package2.P4Test -->
